[ 10/26/2022 12:17:49.469 wid_get_text_prop WARN ] Text property 39 of window 0x00a00008 has unsupported type: 516
[ 10/26/2022 12:17:49.469 wid_get_text_prop WARN ] Text property 39 of window 0x00a00008 has unsupported type: 516
[ 10/26/2022 12:17:49.470 wid_get_text_prop WARN ] Text property 39 of window 0x00a00008 has unsupported type: 516
[ 10/26/2022 12:17:49.470 wid_get_text_prop WARN ] Text property 39 of window 0x00a00008 has unsupported type: 516
[ 10/26/2022 12:17:49.470 wid_get_text_prop WARN ] Text property 39 of window 0x00a00008 has unsupported type: 516
[ 10/26/2022 12:17:49.471 wid_get_text_prop WARN ] Text property 39 of window 0x00a00008 has unsupported type: 516
[ 10/26/2022 12:17:49.471 wid_get_text_prop WARN ] Text property 39 of window 0x00a00008 has unsupported type: 516
[ 10/26/2022 12:18:06.580 wid_get_text_prop WARN ] Text property 39 of window 0x00a00008 has unsupported type: 516
[ 10/26/2022 12:18:06.597 wid_get_text_prop WARN ] Text property 39 of window 0x00a00008 has unsupported type: 516
[ 10/26/2022 12:18:06.613 wid_get_text_prop WARN ] Text property 39 of window 0x00a00008 has unsupported type: 516
[ 10/26/2022 12:18:06.630 wid_get_text_prop WARN ] Text property 39 of window 0x00a00008 has unsupported type: 516
[ 10/26/2022 12:18:06.647 wid_get_text_prop WARN ] Text property 39 of window 0x00a00008 has unsupported type: 516
[ 10/26/2022 12:18:06.663 wid_get_text_prop WARN ] Text property 39 of window 0x00a00008 has unsupported type: 516
[ 10/26/2022 12:18:07.196 wid_get_text_prop WARN ] Text property 39 of window 0x00a00008 has unsupported type: 516
[ 10/26/2022 12:18:07.213 wid_get_text_prop WARN ] Text property 39 of window 0x00a00008 has unsupported type: 516
[ 10/26/2022 12:18:07.230 wid_get_text_prop WARN ] Text property 39 of window 0x00a00008 has unsupported type: 516
[ 10/26/2022 12:18:07.246 wid_get_text_prop WARN ] Text property 39 of window 0x00a00008 has unsupported type: 516
[ 10/26/2022 12:18:07.263 wid_get_text_prop WARN ] Text property 39 of window 0x00a00008 has unsupported type: 516
[ 10/26/2022 12:18:08.379 wid_get_text_prop WARN ] Text property 39 of window 0x00a00008 has unsupported type: 516
[ 10/26/2022 12:18:08.396 wid_get_text_prop WARN ] Text property 39 of window 0x00a00008 has unsupported type: 516
[ 10/26/2022 12:18:08.429 wid_get_text_prop WARN ] Text property 39 of window 0x00a00008 has unsupported type: 516
[ 10/26/2022 12:18:08.446 wid_get_text_prop WARN ] Text property 39 of window 0x00a00008 has unsupported type: 516
[ 10/26/2022 12:18:08.463 wid_get_text_prop WARN ] Text property 39 of window 0x00a00008 has unsupported type: 516
[ 10/26/2022 12:18:08.479 wid_get_text_prop WARN ] Text property 39 of window 0x00a00008 has unsupported type: 516
[ 10/26/2022 12:18:09.062 wid_get_text_prop WARN ] Text property 39 of window 0x00a00008 has unsupported type: 516
[ 10/26/2022 12:18:09.079 wid_get_text_prop WARN ] Text property 39 of window 0x00a00008 has unsupported type: 516
[ 10/26/2022 12:18:09.129 wid_get_text_prop WARN ] Text property 39 of window 0x00a00008 has unsupported type: 516
[ 10/26/2022 12:18:09.146 wid_get_text_prop WARN ] Text property 39 of window 0x00a00008 has unsupported type: 516
[ 10/26/2022 12:18:09.162 wid_get_text_prop WARN ] Text property 39 of window 0x00a00008 has unsupported type: 516
[ 10/26/2022 12:18:09.563 wid_get_text_prop WARN ] Text property 39 of window 0x00a00008 has unsupported type: 516
[ 10/26/2022 12:18:09.579 wid_get_text_prop WARN ] Text property 39 of window 0x00a00008 has unsupported type: 516
[ 10/26/2022 12:18:09.645 wid_get_text_prop WARN ] Text property 39 of window 0x00a00008 has unsupported type: 516
[ 10/26/2022 12:18:10.180 wid_get_text_prop WARN ] Text property 39 of window 0x00a00008 has unsupported type: 516
[ 10/26/2022 12:18:10.212 wid_get_text_prop WARN ] Text property 39 of window 0x00a00008 has unsupported type: 516
[ 10/26/2022 12:18:10.229 wid_get_text_prop WARN ] Text property 39 of window 0x00a00008 has unsupported type: 516
[ 10/26/2022 12:18:10.245 wid_get_text_prop WARN ] Text property 39 of window 0x00a00008 has unsupported type: 516
[ 10/26/2022 12:18:10.262 wid_get_text_prop WARN ] Text property 39 of window 0x00a00008 has unsupported type: 516
[ 10/26/2022 12:18:10.279 wid_get_text_prop WARN ] Text property 39 of window 0x00a00008 has unsupported type: 516
[ 10/26/2022 12:18:10.595 wid_get_text_prop WARN ] Text property 39 of window 0x00a00008 has unsupported type: 516
[ 10/26/2022 12:18:10.612 wid_get_text_prop WARN ] Text property 39 of window 0x00a00008 has unsupported type: 516
[ 10/26/2022 12:18:10.629 wid_get_text_prop WARN ] Text property 39 of window 0x00a00008 has unsupported type: 516
[ 10/26/2022 12:18:10.645 wid_get_text_prop WARN ] Text property 39 of window 0x00a00008 has unsupported type: 516
[ 10/26/2022 12:18:10.662 wid_get_text_prop WARN ] Text property 39 of window 0x00a00008 has unsupported type: 516
[ 10/26/2022 12:18:10.678 wid_get_text_prop WARN ] Text property 39 of window 0x00a00008 has unsupported type: 516
[ 10/26/2022 12:18:10.695 wid_get_text_prop WARN ] Text property 39 of window 0x00a00008 has unsupported type: 516
[ 10/26/2022 12:18:10.895 wid_get_text_prop WARN ] Text property 39 of window 0x00a00008 has unsupported type: 516
[ 10/26/2022 12:18:10.912 wid_get_text_prop WARN ] Text property 39 of window 0x00a00008 has unsupported type: 516
[ 10/26/2022 12:18:10.928 wid_get_text_prop WARN ] Text property 39 of window 0x00a00008 has unsupported type: 516
[ 10/26/2022 12:18:11.062 wid_get_text_prop WARN ] Text property 39 of window 0x00a00008 has unsupported type: 516
[ 10/26/2022 12:18:11.128 wid_get_text_prop WARN ] Text property 39 of window 0x00a00008 has unsupported type: 516
[ 10/26/2022 12:18:11.162 wid_get_text_prop WARN ] Text property 39 of window 0x00a00008 has unsupported type: 516
[ 10/26/2022 12:18:11.378 wid_get_text_prop WARN ] Text property 39 of window 0x00a00008 has unsupported type: 516
[ 10/26/2022 12:18:11.395 wid_get_text_prop WARN ] Text property 39 of window 0x00a00008 has unsupported type: 516
[ 10/26/2022 12:18:11.412 wid_get_text_prop WARN ] Text property 39 of window 0x00a00008 has unsupported type: 516
[ 10/26/2022 12:18:11.428 wid_get_text_prop WARN ] Text property 39 of window 0x00a00008 has unsupported type: 516
[ 10/26/2022 12:18:12.178 wid_get_text_prop WARN ] Text property 39 of window 0x00a00008 has unsupported type: 516
[ 10/26/2022 12:18:12.228 wid_get_text_prop WARN ] Text property 39 of window 0x00a00008 has unsupported type: 516
[ 10/26/2022 12:18:12.245 wid_get_text_prop WARN ] Text property 39 of window 0x00a00008 has unsupported type: 516
[ 10/26/2022 12:18:12.261 wid_get_text_prop WARN ] Text property 39 of window 0x00a00008 has unsupported type: 516
[ 10/26/2022 12:18:12.278 wid_get_text_prop WARN ] Text property 39 of window 0x00a00008 has unsupported type: 516
[ 10/26/2022 12:18:12.295 wid_get_text_prop WARN ] Text property 39 of window 0x00a00008 has unsupported type: 516
[ 10/26/2022 12:18:14.061 wid_get_text_prop WARN ] Text property 39 of window 0x00a00008 has unsupported type: 516
[ 10/26/2022 12:18:14.094 wid_get_text_prop WARN ] Text property 39 of window 0x00a00008 has unsupported type: 516
[ 10/26/2022 12:18:14.111 wid_get_text_prop WARN ] Text property 39 of window 0x00a00008 has unsupported type: 516
[ 10/26/2022 12:18:14.127 wid_get_text_prop WARN ] Text property 39 of window 0x00a00008 has unsupported type: 516
[ 10/26/2022 12:18:14.144 wid_get_text_prop WARN ] Text property 39 of window 0x00a00008 has unsupported type: 516
[ 10/26/2022 12:18:14.244 wid_get_text_prop WARN ] Text property 39 of window 0x00a00008 has unsupported type: 516
[ 10/26/2022 12:18:14.261 wid_get_text_prop WARN ] Text property 39 of window 0x00a00008 has unsupported type: 516
[ 10/26/2022 12:18:14.278 wid_get_text_prop WARN ] Text property 39 of window 0x00a00008 has unsupported type: 516
[ 10/26/2022 12:18:14.294 wid_get_text_prop WARN ] Text property 39 of window 0x00a00008 has unsupported type: 516
[ 10/26/2022 12:18:14.311 wid_get_text_prop WARN ] Text property 39 of window 0x00a00008 has unsupported type: 516
[ 10/26/2022 12:18:14.328 wid_get_text_prop WARN ] Text property 39 of window 0x00a00008 has unsupported type: 516
[ 10/26/2022 12:18:14.344 wid_get_text_prop WARN ] Text property 39 of window 0x00a00008 has unsupported type: 516
[ 10/26/2022 12:18:14.411 wid_get_text_prop WARN ] Text property 39 of window 0x00a00008 has unsupported type: 516
[ 10/26/2022 12:18:14.527 wid_get_text_prop WARN ] Text property 39 of window 0x00a00008 has unsupported type: 516
[ 10/26/2022 12:18:14.544 wid_get_text_prop WARN ] Text property 39 of window 0x00a00008 has unsupported type: 516
[ 10/26/2022 12:18:14.560 wid_get_text_prop WARN ] Text property 39 of window 0x00a00008 has unsupported type: 516
[ 10/26/2022 12:18:14.577 wid_get_text_prop WARN ] Text property 39 of window 0x00a00008 has unsupported type: 516
[ 10/26/2022 12:18:14.594 wid_get_text_prop WARN ] Text property 39 of window 0x00a00008 has unsupported type: 516
[ 10/26/2022 12:18:14.610 wid_get_text_prop WARN ] Text property 39 of window 0x00a00008 has unsupported type: 516
[ 10/26/2022 12:18:14.660 wid_get_text_prop WARN ] Text property 39 of window 0x00a00008 has unsupported type: 516
[ 10/26/2022 12:18:14.677 wid_get_text_prop WARN ] Text property 39 of window 0x00a00008 has unsupported type: 516
[ 10/26/2022 12:18:14.694 wid_get_text_prop WARN ] Text property 39 of window 0x00a00008 has unsupported type: 516
[ 10/26/2022 12:18:14.710 wid_get_text_prop WARN ] Text property 39 of window 0x00a00008 has unsupported type: 516
[ 10/26/2022 12:18:14.727 wid_get_text_prop WARN ] Text property 39 of window 0x00a00008 has unsupported type: 516
[ 10/26/2022 12:18:14.744 wid_get_text_prop WARN ] Text property 39 of window 0x00a00008 has unsupported type: 516
[ 10/26/2022 12:18:14.761 wid_get_text_prop WARN ] Text property 39 of window 0x00a00008 has unsupported type: 516
[ 10/26/2022 12:18:14.794 wid_get_text_prop WARN ] Text property 39 of window 0x00a00008 has unsupported type: 516
[ 10/26/2022 12:18:17.294 wid_get_text_prop WARN ] Text property 39 of window 0x00a00008 has unsupported type: 516
[ 10/26/2022 12:18:17.310 wid_get_text_prop WARN ] Text property 39 of window 0x00a00008 has unsupported type: 516
[ 10/26/2022 12:18:17.327 wid_get_text_prop WARN ] Text property 39 of window 0x00a00008 has unsupported type: 516
[ 10/26/2022 12:18:17.343 wid_get_text_prop WARN ] Text property 39 of window 0x00a00008 has unsupported type: 516
[ 10/26/2022 12:18:17.688 wid_get_text_prop WARN ] Text property 39 of window 0x00a00008 has unsupported type: 516
[ 10/26/2022 12:18:17.709 wid_get_text_prop WARN ] Text property 39 of window 0x00a00008 has unsupported type: 516
[ 10/26/2022 12:18:17.726 wid_get_text_prop WARN ] Text property 39 of window 0x00a00008 has unsupported type: 516
[ 10/26/2022 12:18:17.837 wid_get_text_prop WARN ] Text property 39 of window 0x00a00008 has unsupported type: 516
[ 10/26/2022 12:18:17.877 wid_get_text_prop WARN ] Text property 39 of window 0x00a00008 has unsupported type: 516
[ 10/26/2022 12:18:17.893 wid_get_text_prop WARN ] Text property 39 of window 0x00a00008 has unsupported type: 516
[ 10/26/2022 12:18:17.909 wid_get_text_prop WARN ] Text property 39 of window 0x00a00008 has unsupported type: 516
[ 10/26/2022 12:18:17.914 wid_get_text_prop WARN ] Text property 39 of window 0x00a00008 has unsupported type: 516
[ 10/26/2022 12:18:21.093 wid_get_text_prop WARN ] Text property 39 of window 0x00a00008 has unsupported type: 516
[ 10/26/2022 12:18:21.125 wid_get_text_prop WARN ] Text property 39 of window 0x00a00008 has unsupported type: 516
[ 10/26/2022 12:18:26.941 wid_get_text_prop WARN ] Text property 39 of window 0x00a00008 has unsupported type: 516
[ 10/26/2022 12:18:26.957 wid_get_text_prop WARN ] Text property 39 of window 0x00a00008 has unsupported type: 516
[ 10/26/2022 12:18:26.990 wid_get_text_prop WARN ] Text property 39 of window 0x00a00008 has unsupported type: 516
[ 10/26/2022 12:18:27.156 wid_get_text_prop WARN ] Text property 39 of window 0x00a00008 has unsupported type: 516
[ 10/26/2022 12:18:27.173 wid_get_text_prop WARN ] Text property 39 of window 0x00a00008 has unsupported type: 516
[ 10/26/2022 12:22:09.098 wid_get_text_prop WARN ] Text property 39 of window 0x00a073f6 has unsupported type: 516
[ 10/26/2022 12:22:09.098 wid_get_text_prop WARN ] Text property 39 of window 0x00a073f6 has unsupported type: 516
[ 10/26/2022 12:22:09.099 wid_get_text_prop WARN ] Text property 39 of window 0x00a073f6 has unsupported type: 516
[ 10/26/2022 12:22:09.099 wid_get_text_prop WARN ] Text property 39 of window 0x00a073f6 has unsupported type: 516
[ 10/26/2022 12:22:09.099 wid_get_text_prop WARN ] Text property 39 of window 0x00a073f6 has unsupported type: 516
[ 10/26/2022 12:22:09.100 wid_get_text_prop WARN ] Text property 39 of window 0x00a073f6 has unsupported type: 516
[ 10/26/2022 12:22:09.100 wid_get_text_prop WARN ] Text property 39 of window 0x00a073f6 has unsupported type: 516
[ 10/26/2022 12:22:14.196 wid_get_text_prop WARN ] Text property 39 of window 0x00a073f6 has unsupported type: 516
[ 10/26/2022 12:22:14.530 wid_get_text_prop WARN ] Text property 39 of window 0x00a073f6 has unsupported type: 516
[ 10/26/2022 12:22:14.546 wid_get_text_prop WARN ] Text property 39 of window 0x00a073f6 has unsupported type: 516
[ 10/26/2022 12:22:14.563 wid_get_text_prop WARN ] Text property 39 of window 0x00a073f6 has unsupported type: 516
[ 10/26/2022 12:22:14.580 wid_get_text_prop WARN ] Text property 39 of window 0x00a073f6 has unsupported type: 516
[ 10/26/2022 12:22:14.596 wid_get_text_prop WARN ] Text property 39 of window 0x00a073f6 has unsupported type: 516
[ 10/26/2022 12:22:14.682 wid_get_text_prop WARN ] Text property 39 of window 0x00a073f6 has unsupported type: 516
[ 10/26/2022 12:22:14.696 wid_get_text_prop WARN ] Text property 39 of window 0x00a073f6 has unsupported type: 516
[ 10/26/2022 12:22:14.713 wid_get_text_prop WARN ] Text property 39 of window 0x00a073f6 has unsupported type: 516
[ 10/26/2022 12:22:14.730 wid_get_text_prop WARN ] Text property 39 of window 0x00a073f6 has unsupported type: 516
[ 10/26/2022 12:22:14.746 wid_get_text_prop WARN ] Text property 39 of window 0x00a073f6 has unsupported type: 516
[ 10/26/2022 12:22:14.763 wid_get_text_prop WARN ] Text property 39 of window 0x00a073f6 has unsupported type: 516
[ 10/26/2022 12:22:14.780 wid_get_text_prop WARN ] Text property 39 of window 0x00a073f6 has unsupported type: 516
[ 10/26/2022 12:22:14.863 wid_get_text_prop WARN ] Text property 39 of window 0x00a073f6 has unsupported type: 516
[ 10/26/2022 12:22:14.996 wid_get_text_prop WARN ] Text property 39 of window 0x00a073f6 has unsupported type: 516
[ 10/26/2022 12:22:15.013 wid_get_text_prop WARN ] Text property 39 of window 0x00a073f6 has unsupported type: 516
[ 10/26/2022 12:22:15.030 wid_get_text_prop WARN ] Text property 39 of window 0x00a073f6 has unsupported type: 516
[ 10/26/2022 12:22:15.046 wid_get_text_prop WARN ] Text property 39 of window 0x00a073f6 has unsupported type: 516
[ 10/26/2022 12:22:15.062 wid_get_text_prop WARN ] Text property 39 of window 0x00a073f6 has unsupported type: 516
[ 10/26/2022 12:22:15.080 wid_get_text_prop WARN ] Text property 39 of window 0x00a073f6 has unsupported type: 516
[ 10/26/2022 12:22:15.129 wid_get_text_prop WARN ] Text property 39 of window 0x00a073f6 has unsupported type: 516
[ 10/26/2022 12:22:15.146 wid_get_text_prop WARN ] Text property 39 of window 0x00a073f6 has unsupported type: 516
[ 10/26/2022 12:22:15.163 wid_get_text_prop WARN ] Text property 39 of window 0x00a073f6 has unsupported type: 516
[ 10/26/2022 12:22:15.179 wid_get_text_prop WARN ] Text property 39 of window 0x00a073f6 has unsupported type: 516
[ 10/26/2022 12:22:20.061 wid_get_text_prop WARN ] Text property 39 of window 0x00a073f6 has unsupported type: 516
[ 10/26/2022 12:22:20.928 wid_get_text_prop WARN ] Text property 39 of window 0x00a073f6 has unsupported type: 516
[ 10/26/2022 12:22:20.944 wid_get_text_prop WARN ] Text property 39 of window 0x00a073f6 has unsupported type: 516
[ 10/26/2022 12:22:20.961 wid_get_text_prop WARN ] Text property 39 of window 0x00a073f6 has unsupported type: 516
[ 10/26/2022 12:22:21.066 wid_get_text_prop WARN ] Text property 39 of window 0x00a073f6 has unsupported type: 516
[ 10/26/2022 12:22:21.094 wid_get_text_prop WARN ] Text property 39 of window 0x00a073f6 has unsupported type: 516
[ 10/26/2022 12:22:21.111 wid_get_text_prop WARN ] Text property 39 of window 0x00a073f6 has unsupported type: 516
[ 10/26/2022 12:22:24.094 wid_get_text_prop WARN ] Text property 39 of window 0x00a073f6 has unsupported type: 516
[ 10/26/2022 12:22:24.110 wid_get_text_prop WARN ] Text property 39 of window 0x00a073f6 has unsupported type: 516
[ 10/26/2022 12:22:24.127 wid_get_text_prop WARN ] Text property 39 of window 0x00a073f6 has unsupported type: 516
[ 10/26/2022 12:22:24.143 wid_get_text_prop WARN ] Text property 39 of window 0x00a073f6 has unsupported type: 516
[ 10/26/2022 12:22:24.477 wid_get_text_prop WARN ] Text property 39 of window 0x00a073f6 has unsupported type: 516
[ 10/26/2022 19:56:37.167 parse_kawase_blur_strength INFO ] blur-strength: 7 [.iter = 3, .offset = 4.250000, .expand = 50]
[ 10/26/2022 19:56:37.568 glx_has_extension INFO ] Found GLX extension GLX_SGI_video_sync.
[ 10/26/2022 19:56:37.568 glx_has_extension INFO ] Missing GLX extension GLX_SGI_swap_control.
[ 10/26/2022 19:56:37.568 glx_has_extension INFO ] Found GLX extension GLX_OML_sync_control.
[ 10/26/2022 19:56:37.568 glx_has_extension INFO ] Found GLX extension GLX_MESA_swap_control.
[ 10/26/2022 19:56:37.568 glx_has_extension INFO ] Found GLX extension GLX_EXT_swap_control.
[ 10/26/2022 19:56:37.568 glx_has_extension INFO ] Found GLX extension GLX_EXT_texture_from_pixmap.
[ 10/26/2022 19:56:37.568 glx_has_extension INFO ] Found GLX extension GLX_ARB_create_context.
[ 10/26/2022 19:56:37.568 glx_has_extension INFO ] Found GLX extension GLX_EXT_buffer_age.
[ 10/26/2022 19:56:37.590 gl_has_extension INFO ] Missing GL extension GL_GREMEDY_string_marker.
[ 10/26/2022 19:56:37.590 generate_dual_kawase_params INFO ] blur-strength: 7 [.iter = 3, .offset = 3.250000]
[ 10/26/2022 19:56:37.601 glGetUniformLocationChecked INFO ] Failed to get location of uniform 'opacity'. This is normal when using custom shaders.
XIO:  fatal IO error 11 (Resource temporarily unavailable) on X server ":0"
      after 4320 requests (4279 known processed) with 0 events remaining.
[ 10/26/2022 20:07:56.377 parse_kawase_blur_strength INFO ] blur-strength: 7 [.iter = 3, .offset = 4.250000, .expand = 50]
[ 10/26/2022 20:07:56.427 glx_has_extension INFO ] Found GLX extension GLX_SGI_video_sync.
[ 10/26/2022 20:07:56.427 glx_has_extension INFO ] Missing GLX extension GLX_SGI_swap_control.
[ 10/26/2022 20:07:56.427 glx_has_extension INFO ] Found GLX extension GLX_OML_sync_control.
[ 10/26/2022 20:07:56.427 glx_has_extension INFO ] Found GLX extension GLX_MESA_swap_control.
[ 10/26/2022 20:07:56.427 glx_has_extension INFO ] Found GLX extension GLX_EXT_swap_control.
[ 10/26/2022 20:07:56.427 glx_has_extension INFO ] Found GLX extension GLX_EXT_texture_from_pixmap.
[ 10/26/2022 20:07:56.427 glx_has_extension INFO ] Found GLX extension GLX_ARB_create_context.
[ 10/26/2022 20:07:56.427 glx_has_extension INFO ] Found GLX extension GLX_EXT_buffer_age.
[ 10/26/2022 20:07:56.442 gl_has_extension INFO ] Missing GL extension GL_GREMEDY_string_marker.
[ 10/26/2022 20:07:56.442 generate_dual_kawase_params INFO ] blur-strength: 7 [.iter = 3, .offset = 3.250000]
[ 10/26/2022 20:07:56.442 glGetUniformLocationChecked INFO ] Failed to get location of uniform 'opacity'. This is normal when using custom shaders.
[ 10/26/2022 20:08:34.613 reset_enable INFO ] picom is resetting...
[ 10/26/2022 20:08:34.613 reset_enable INFO ] picom is resetting...
[ 10/26/2022 20:08:34.613 reset_enable INFO ] picom is resetting...
